<?xml version="1.0" encoding="UTF-8"?>
<!-- Generated by org.testng.reporters.JUnitReportReporter -->
<testsuite skipped="0" hostname="F7HYFH2" name="BeeCow.BeeCow.LogInScript" tests="7" failures="0" timestamp="14 Sep 2019 16:47:26 GMT" time="29.249" errors="0">
  <testcase name="TC_006" time="3.428" classname="BeeCow.BeeCow.LogInScript"/>
  <testcase name="TC_003" time="3.024" classname="BeeCow.BeeCow.LogInScript"/>
  <testcase name="TC_004" time="3.865" classname="BeeCow.BeeCow.LogInScript"/>
  <testcase name="TC_005" time="3.285" classname="BeeCow.BeeCow.LogInScript"/>
  <testcase name="TC_002" time="3.451" classname="BeeCow.BeeCow.LogInScript"/>
  <testcase name="TC_001" time="6.767" classname="BeeCow.BeeCow.LogInScript"/>
  <testcase name="TC_007" time="5.429" classname="BeeCow.BeeCow.LogInScript"/>
</testsuite> <!-- BeeCow.BeeCow.LogInScript -->
