<?xml version="1.0" encoding="UTF-8"?>
<!-- Generated by org.testng.reporters.JUnitReportReporter -->
<testsuite skipped="0" hostname="F7HYFH2" name="BeeCow.BeeCow.CreateProductScript" tests="1" failures="0" timestamp="30 Sep 2019 18:27:46 GMT" time="50.333" errors="0">
  <testcase name="TC_034" time="50.333" classname="BeeCow.BeeCow.CreateProductScript"/>
</testsuite> <!-- BeeCow.BeeCow.CreateProductScript -->
