<?xml version="1.0" encoding="UTF-8"?>
<!-- Generated by org.testng.reporters.JUnitReportReporter -->
<testsuite skipped="0" hostname="F7HYFH2" name="BeeCow.BeeCow.HomePageScript" tests="1" failures="0" timestamp="14 Sep 2019 14:50:11 GMT" time="8.392" errors="0">
  <testcase name="TC_008" time="8.392" classname="BeeCow.BeeCow.HomePageScript"/>
</testsuite> <!-- BeeCow.BeeCow.HomePageScript -->
